<?xml version="1.0" encoding="UTF-8" standalone="no"?>
<testsuite failures="2" name="cucumber.runtime.formatter.JUnitFormatter" skipped="0" tests="2" time="28.189412">
<testcase classname="Free CRM create contact feature" name="Free CRM  create new contact scneario" time="16.279507">
<failure message="org.openqa.selenium.NoSuchElementException: no such element: Unable to locate element: {&quot;method&quot;:&quot;css selector&quot;,&quot;selector&quot;:&quot; div:nth-child(1) div.ui.fluid.container div.ui.left.fixed.vertical.icon.menu.sidebar-dark.left-to-right:nth-child(1) div.menu-item-wrapper:nth-child(3) &gt; a.item&quot;}&#10;  (Session info: chrome=88.0.4324.104)&#10;For documentation on this error, please visit: https://selenium.dev/exceptions/#no_such_element&#10;Build info: version: '4.0.0-alpha-6', revision: '5f43a29cfc'&#10;System info: host: 'LAPTOP-029NRPGB', ip: '192.168.1.153', os.name: 'Windows 10', os.arch: 'amd64', os.version: '10.0', java.version: '1.8.0_271'&#10;Driver info: org.openqa.selenium.chrome.ChromeDriver&#10;Capabilities {acceptInsecureCerts: false, browserName: chrome, browserVersion: 88.0.4324.104, chrome: {chromedriverVersion: 87.0.4280.88 (89e2380a3e36c..., userDataDir: C:\Users\kakke\AppData\Loca...}, goog:chromeOptions: {debuggerAddress: localhost:61656}, javascriptEnabled: true, networkConnectionEnabled: false, pageLoadStrategy: normal, platform: WINDOWS, platformName: WINDOWS, proxy: Proxy(), setWindowRect: true, strictFileInteractability: false, timeouts: {implicit: 0, pageLoad: 300000, script: 30000}, unhandledPromptBehavior: dismiss and notify, webauthn:virtualAuthenticators: true}&#10;Session ID: dc6bbf0850d0cfac4eff2693da812e0a&#10;*** Element info: {Using=css selector, value= div:nth-child(1) div.ui.fluid.container div.ui.left.fixed.vertical.icon.menu.sidebar-dark.left-to-right:nth-child(1) div.menu-item-wrapper:nth-child(3) &gt; a.item}&#13;&#10;&#9;at sun.reflect.NativeConstructorAccessorImpl.newInstance0(Native Method)&#13;&#10;&#9;at sun.reflect.NativeConstructorAccessorImpl.newInstance(NativeConstructorAccessorImpl.java:62)&#13;&#10;&#9;at sun.reflect.DelegatingConstructorAccessorImpl.newInstance(DelegatingConstructorAccessorImpl.java:45)&#13;&#10;&#9;at java.lang.reflect.Constructor.newInstance(Constructor.java:423)&#13;&#10;&#9;at org.openqa.selenium.remote.codec.w3c.W3CHttpResponseCodec.createException(W3CHttpResponseCodec.java:196)&#13;&#10;&#9;at org.openqa.selenium.remote.codec.w3c.W3CHttpResponseCodec.decode(W3CHttpResponseCodec.java:129)&#13;&#10;&#9;at org.openqa.selenium.remote.codec.w3c.W3CHttpResponseCodec.decode(W3CHttpResponseCodec.java:53)&#13;&#10;&#9;at org.openqa.selenium.remote.HttpCommandExecutor.execute(HttpCommandExecutor.java:160)&#13;&#10;&#9;at org.openqa.selenium.remote.service.DriverCommandExecutor.execute(DriverCommandExecutor.java:83)&#13;&#10;&#9;at org.openqa.selenium.remote.RemoteWebDriver.execute(RemoteWebDriver.java:582)&#13;&#10;&#9;at org.openqa.selenium.remote.RemoteWebDriver.findElement(RemoteWebDriver.java:333)&#13;&#10;&#9;at org.openqa.selenium.remote.RemoteWebDriver.findElementByCssSelector(RemoteWebDriver.java:441)&#13;&#10;&#9;at org.openqa.selenium.By$ByCssSelector.findElement(By.java:494)&#13;&#10;&#9;at org.openqa.selenium.remote.RemoteWebDriver.findElement(RemoteWebDriver.java:325)&#13;&#10;&#9;at Stepdefinationfile.loginstepdefination.user_moves_to_new_contact_page(loginstepdefination.java:63)&#13;&#10;&#9;at ✽.Then user moves to new contact page(C:/Users/kakke/OneDrive/Desktop/Eclipse/CucumberFreeCRMBDD/src/main/java/Features/contact.feature:11)&#13;&#10;"><![CDATA[Given user is already page..................................................passed
When title of login page is FRee CRM........................................passed
Then user enter "vuduthasujatha@yahoo.com" and "Honey2003"..................passed
Then user clicks on login button............................................passed
And user on home page.......................................................passed
Then user moves to new contact page.........................................failed
Then user enters "ravvikakkereni"and "kakkereni"............................skipped
Then user close browser.....................................................skipped

StackTrace:
org.openqa.selenium.NoSuchElementException: no such element: Unable to locate element: {"method":"css selector","selector":" div:nth-child(1) div.ui.fluid.container div.ui.left.fixed.vertical.icon.menu.sidebar-dark.left-to-right:nth-child(1) div.menu-item-wrapper:nth-child(3) > a.item"}
  (Session info: chrome=88.0.4324.104)
For documentation on this error, please visit: https://selenium.dev/exceptions/#no_such_element
Build info: version: '4.0.0-alpha-6', revision: '5f43a29cfc'
System info: host: 'LAPTOP-029NRPGB', ip: '192.168.1.153', os.name: 'Windows 10', os.arch: 'amd64', os.version: '10.0', java.version: '1.8.0_271'
Driver info: org.openqa.selenium.chrome.ChromeDriver
Capabilities {acceptInsecureCerts: false, browserName: chrome, browserVersion: 88.0.4324.104, chrome: {chromedriverVersion: 87.0.4280.88 (89e2380a3e36c..., userDataDir: C:\Users\kakke\AppData\Loca...}, goog:chromeOptions: {debuggerAddress: localhost:61656}, javascriptEnabled: true, networkConnectionEnabled: false, pageLoadStrategy: normal, platform: WINDOWS, platformName: WINDOWS, proxy: Proxy(), setWindowRect: true, strictFileInteractability: false, timeouts: {implicit: 0, pageLoad: 300000, script: 30000}, unhandledPromptBehavior: dismiss and notify, webauthn:virtualAuthenticators: true}
Session ID: dc6bbf0850d0cfac4eff2693da812e0a
*** Element info: {Using=css selector, value= div:nth-child(1) div.ui.fluid.container div.ui.left.fixed.vertical.icon.menu.sidebar-dark.left-to-right:nth-child(1) div.menu-item-wrapper:nth-child(3) > a.item}
	at sun.reflect.NativeConstructorAccessorImpl.newInstance0(Native Method)
	at sun.reflect.NativeConstructorAccessorImpl.newInstance(NativeConstructorAccessorImpl.java:62)
	at sun.reflect.DelegatingConstructorAccessorImpl.newInstance(DelegatingConstructorAccessorImpl.java:45)
	at java.lang.reflect.Constructor.newInstance(Constructor.java:423)
	at org.openqa.selenium.remote.codec.w3c.W3CHttpResponseCodec.createException(W3CHttpResponseCodec.java:196)
	at org.openqa.selenium.remote.codec.w3c.W3CHttpResponseCodec.decode(W3CHttpResponseCodec.java:129)
	at org.openqa.selenium.remote.codec.w3c.W3CHttpResponseCodec.decode(W3CHttpResponseCodec.java:53)
	at org.openqa.selenium.remote.HttpCommandExecutor.execute(HttpCommandExecutor.java:160)
	at org.openqa.selenium.remote.service.DriverCommandExecutor.execute(DriverCommandExecutor.java:83)
	at org.openqa.selenium.remote.RemoteWebDriver.execute(RemoteWebDriver.java:582)
	at org.openqa.selenium.remote.RemoteWebDriver.findElement(RemoteWebDriver.java:333)
	at org.openqa.selenium.remote.RemoteWebDriver.findElementByCssSelector(RemoteWebDriver.java:441)
	at org.openqa.selenium.By$ByCssSelector.findElement(By.java:494)
	at org.openqa.selenium.remote.RemoteWebDriver.findElement(RemoteWebDriver.java:325)
	at Stepdefinationfile.loginstepdefination.user_moves_to_new_contact_page(loginstepdefination.java:63)
	at ✽.Then user moves to new contact page(C:/Users/kakke/OneDrive/Desktop/Eclipse/CucumberFreeCRMBDD/src/main/java/Features/contact.feature:11)
]]></failure>
</testcase>
<testcase classname="Free CRM create contact feature" name="Free CRM  create new contact scneario 2" time="11.909905">
<failure message="org.openqa.selenium.NoSuchElementException: no such element: Unable to locate element: {&quot;method&quot;:&quot;css selector&quot;,&quot;selector&quot;:&quot; div:nth-child(1) div.ui.fluid.container div.ui.left.fixed.vertical.icon.menu.sidebar-dark.left-to-right:nth-child(1) div.menu-item-wrapper:nth-child(3) &gt; a.item&quot;}&#10;  (Session info: chrome=88.0.4324.104)&#10;For documentation on this error, please visit: https://selenium.dev/exceptions/#no_such_element&#10;Build info: version: '4.0.0-alpha-6', revision: '5f43a29cfc'&#10;System info: host: 'LAPTOP-029NRPGB', ip: '192.168.1.153', os.name: 'Windows 10', os.arch: 'amd64', os.version: '10.0', java.version: '1.8.0_271'&#10;Driver info: org.openqa.selenium.chrome.ChromeDriver&#10;Capabilities {acceptInsecureCerts: false, browserName: chrome, browserVersion: 88.0.4324.104, chrome: {chromedriverVersion: 87.0.4280.88 (89e2380a3e36c..., userDataDir: C:\Users\kakke\AppData\Loca...}, goog:chromeOptions: {debuggerAddress: localhost:61711}, javascriptEnabled: true, networkConnectionEnabled: false, pageLoadStrategy: normal, platform: WINDOWS, platformName: WINDOWS, proxy: Proxy(), setWindowRect: true, strictFileInteractability: false, timeouts: {implicit: 0, pageLoad: 300000, script: 30000}, unhandledPromptBehavior: dismiss and notify, webauthn:virtualAuthenticators: true}&#10;Session ID: 5dc012514cdb70f00ff97b4058b5a3c1&#10;*** Element info: {Using=css selector, value= div:nth-child(1) div.ui.fluid.container div.ui.left.fixed.vertical.icon.menu.sidebar-dark.left-to-right:nth-child(1) div.menu-item-wrapper:nth-child(3) &gt; a.item}&#13;&#10;&#9;at sun.reflect.NativeConstructorAccessorImpl.newInstance0(Native Method)&#13;&#10;&#9;at sun.reflect.NativeConstructorAccessorImpl.newInstance(NativeConstructorAccessorImpl.java:62)&#13;&#10;&#9;at sun.reflect.DelegatingConstructorAccessorImpl.newInstance(DelegatingConstructorAccessorImpl.java:45)&#13;&#10;&#9;at java.lang.reflect.Constructor.newInstance(Constructor.java:423)&#13;&#10;&#9;at org.openqa.selenium.remote.codec.w3c.W3CHttpResponseCodec.createException(W3CHttpResponseCodec.java:196)&#13;&#10;&#9;at org.openqa.selenium.remote.codec.w3c.W3CHttpResponseCodec.decode(W3CHttpResponseCodec.java:129)&#13;&#10;&#9;at org.openqa.selenium.remote.codec.w3c.W3CHttpResponseCodec.decode(W3CHttpResponseCodec.java:53)&#13;&#10;&#9;at org.openqa.selenium.remote.HttpCommandExecutor.execute(HttpCommandExecutor.java:160)&#13;&#10;&#9;at org.openqa.selenium.remote.service.DriverCommandExecutor.execute(DriverCommandExecutor.java:83)&#13;&#10;&#9;at org.openqa.selenium.remote.RemoteWebDriver.execute(RemoteWebDriver.java:582)&#13;&#10;&#9;at org.openqa.selenium.remote.RemoteWebDriver.findElement(RemoteWebDriver.java:333)&#13;&#10;&#9;at org.openqa.selenium.remote.RemoteWebDriver.findElementByCssSelector(RemoteWebDriver.java:441)&#13;&#10;&#9;at org.openqa.selenium.By$ByCssSelector.findElement(By.java:494)&#13;&#10;&#9;at org.openqa.selenium.remote.RemoteWebDriver.findElement(RemoteWebDriver.java:325)&#13;&#10;&#9;at Stepdefinationfile.loginstepdefination.user_moves_to_new_contact_page(loginstepdefination.java:63)&#13;&#10;&#9;at ✽.Then user moves to new contact page(C:/Users/kakke/OneDrive/Desktop/Eclipse/CucumberFreeCRMBDD/src/main/java/Features/contact.feature:11)&#13;&#10;"><![CDATA[Given user is already page..................................................passed
When title of login page is FRee CRM........................................passed
Then user enter "kakkerenisujatha@yahoo.com" and "Honey2003"................passed
Then user clicks on login button............................................passed
And user on home page.......................................................passed
Then user moves to new contact page.........................................failed
Then user enters "sujathakakkereni"and "kakkereni"..........................skipped
Then user close browser.....................................................skipped

StackTrace:
org.openqa.selenium.NoSuchElementException: no such element: Unable to locate element: {"method":"css selector","selector":" div:nth-child(1) div.ui.fluid.container div.ui.left.fixed.vertical.icon.menu.sidebar-dark.left-to-right:nth-child(1) div.menu-item-wrapper:nth-child(3) > a.item"}
  (Session info: chrome=88.0.4324.104)
For documentation on this error, please visit: https://selenium.dev/exceptions/#no_such_element
Build info: version: '4.0.0-alpha-6', revision: '5f43a29cfc'
System info: host: 'LAPTOP-029NRPGB', ip: '192.168.1.153', os.name: 'Windows 10', os.arch: 'amd64', os.version: '10.0', java.version: '1.8.0_271'
Driver info: org.openqa.selenium.chrome.ChromeDriver
Capabilities {acceptInsecureCerts: false, browserName: chrome, browserVersion: 88.0.4324.104, chrome: {chromedriverVersion: 87.0.4280.88 (89e2380a3e36c..., userDataDir: C:\Users\kakke\AppData\Loca...}, goog:chromeOptions: {debuggerAddress: localhost:61711}, javascriptEnabled: true, networkConnectionEnabled: false, pageLoadStrategy: normal, platform: WINDOWS, platformName: WINDOWS, proxy: Proxy(), setWindowRect: true, strictFileInteractability: false, timeouts: {implicit: 0, pageLoad: 300000, script: 30000}, unhandledPromptBehavior: dismiss and notify, webauthn:virtualAuthenticators: true}
Session ID: 5dc012514cdb70f00ff97b4058b5a3c1
*** Element info: {Using=css selector, value= div:nth-child(1) div.ui.fluid.container div.ui.left.fixed.vertical.icon.menu.sidebar-dark.left-to-right:nth-child(1) div.menu-item-wrapper:nth-child(3) > a.item}
	at sun.reflect.NativeConstructorAccessorImpl.newInstance0(Native Method)
	at sun.reflect.NativeConstructorAccessorImpl.newInstance(NativeConstructorAccessorImpl.java:62)
	at sun.reflect.DelegatingConstructorAccessorImpl.newInstance(DelegatingConstructorAccessorImpl.java:45)
	at java.lang.reflect.Constructor.newInstance(Constructor.java:423)
	at org.openqa.selenium.remote.codec.w3c.W3CHttpResponseCodec.createException(W3CHttpResponseCodec.java:196)
	at org.openqa.selenium.remote.codec.w3c.W3CHttpResponseCodec.decode(W3CHttpResponseCodec.java:129)
	at org.openqa.selenium.remote.codec.w3c.W3CHttpResponseCodec.decode(W3CHttpResponseCodec.java:53)
	at org.openqa.selenium.remote.HttpCommandExecutor.execute(HttpCommandExecutor.java:160)
	at org.openqa.selenium.remote.service.DriverCommandExecutor.execute(DriverCommandExecutor.java:83)
	at org.openqa.selenium.remote.RemoteWebDriver.execute(RemoteWebDriver.java:582)
	at org.openqa.selenium.remote.RemoteWebDriver.findElement(RemoteWebDriver.java:333)
	at org.openqa.selenium.remote.RemoteWebDriver.findElementByCssSelector(RemoteWebDriver.java:441)
	at org.openqa.selenium.By$ByCssSelector.findElement(By.java:494)
	at org.openqa.selenium.remote.RemoteWebDriver.findElement(RemoteWebDriver.java:325)
	at Stepdefinationfile.loginstepdefination.user_moves_to_new_contact_page(loginstepdefination.java:63)
	at ✽.Then user moves to new contact page(C:/Users/kakke/OneDrive/Desktop/Eclipse/CucumberFreeCRMBDD/src/main/java/Features/contact.feature:11)
]]></failure>
</testcase>
</testsuite>
